<?xml version="1.0" encoding="UTF-8"?>
<!-- Generated by org.testng.reporters.JUnitReportReporter -->
<testsuite hostname="DESKTOP-K5QR6PC" failures="0" tests="1" name="package1.FirstTest" time="0.009" errors="0" timestamp="2021-12-16T23:47:20 IST" skipped="0">
  <testcase classname="package1.FirstTest" name="demo" time="0.009"/>
  <system-out/>
</testsuite> <!-- package1.FirstTest -->
