<?xml version="1.0" encoding="UTF-8"?>
<!-- Generated by org.testng.reporters.JUnitReportReporter -->
<testsuite hostname="DESKTOP-K5QR6PC" failures="0" tests="1" name="package4.FourthTest" time="0.001" errors="0" timestamp="2021-12-16T23:47:20 IST" skipped="0">
  <testcase classname="package4.FourthTest" name="demo" time="0.001"/>
  <system-out/>
</testsuite> <!-- package4.FourthTest -->
