<?xml version="1.0" encoding="UTF-8"?>
<!-- Generated by org.testng.reporters.JUnitReportReporter -->
<testsuite hostname="DESKTOP-K5QR6PC" failures="0" tests="1" name="package1.PracticeTest" time="45.372" errors="0" timestamp="2021-12-16T23:50:15 IST" skipped="0">
  <testcase classname="package1.PracticeTest" name="testMethod" time="45.372"/>
  <system-out/>
</testsuite> <!-- package1.PracticeTest -->
