<?xml version="1.0" encoding="UTF-8"?>
<!-- Generated by org.testng.reporters.JUnitReportReporter -->
<testsuite hostname="DESKTOP-K5QR6PC" failures="0" tests="1" name="package3.ThirdTest" time="0.000" errors="0" timestamp="2021-12-16T23:47:20 IST" skipped="0">
  <testcase classname="package3.ThirdTest" name="demo" time="0.000"/>
  <system-out/>
</testsuite> <!-- package3.ThirdTest -->
